<?xml version="1.0" encoding="UTF-8"?>
<!-- Generated by org.testng.reporters.JUnitXMLReporter -->
<testsuite ignored="3" hostname="DESKTOP-R2UNG2A" failures="1" tests="1" name="Default test(failed)" time="0.318" errors="0" timestamp="2022-11-19T00:57:07 IST">
  <testcase classname="testNGGrouping.FailxmlTesting4" name="F" time="0.22">
    <failure type="org.testng.internal.thread.ThreadTimeoutException" message="Method testNGGrouping.FailxmlTesting4.F() didn&amp;apos;t finish within the time-out 200">
      <![CDATA[org.testng.internal.thread.ThreadTimeoutException: Method testNGGrouping.FailxmlTesting4.F() didn't finish within the time-out 200
at java.base/java.util.ArrayList.forEach(ArrayList.java:1541)
... Removed 24 stack frames]]>
    </failure>
  </testcase> <!-- F -->
  <testcase classname="testNGGrouping.FailxmlTesting4" name="H" time="0.0">
    <ignored/>
  </testcase> <!-- H -->
  <testcase classname="testNGGrouping.FailxmlTesting4" name="E" time="0.0">
    <ignored/>
  </testcase> <!-- E -->
  <testcase classname="testNGGrouping.FailxmlTesting4" name="G" time="0.0">
    <ignored/>
  </testcase> <!-- G -->
</testsuite> <!-- Default test(failed) -->
