<?xml version="1.0" encoding="UTF-8"?>
<!-- Generated by org.testng.reporters.JUnitXMLReporter -->
<testsuite ignored="0" hostname="DESKTOP-R2UNG2A" failures="2" tests="6" name="Test" time="0.359" errors="0" timestamp="2022-12-02T21:25:16 IST">
  <testcase classname="listener.Testing" name="A" time="0.041"/>
  <testcase classname="listener.Testing" name="B" time="0.006">
    <failure type="java.lang.AssertionError" message="null">
      <![CDATA[java.lang.AssertionError: null
at listener.Testing.B(Testing.java:19)
at java.base/java.util.ArrayList.forEach(ArrayList.java:1541)
... Removed 29 stack frames]]>
    </failure>
  </testcase> <!-- B -->
  <testcase classname="listener.Testing" name="C" time="0.0">
    <skipped/>
  </testcase> <!-- C -->
  <testcase classname="listener.Testing2" name="D" time="0.003"/>
  <testcase classname="listener.Testing2" name="E" time="0.004">
    <failure type="java.lang.AssertionError" message="null">
      <![CDATA[java.lang.AssertionError: null
at listener.Testing2.E(Testing2.java:19)
at java.base/java.util.ArrayList.forEach(ArrayList.java:1541)
... Removed 29 stack frames]]>
    </failure>
  </testcase> <!-- E -->
  <testcase classname="listener.Testing2" name="F" time="0.0">
    <skipped/>
  </testcase> <!-- F -->
</testsuite> <!-- Test -->
