<?xml version="1.0" encoding="UTF-8"?>
<!-- Generated by org.testng.reporters.JUnitXMLReporter -->
<testsuite ignored="2" hostname="DESKTOP-R2UNG2A" failures="0" tests="2" name="Testing2" time="0.094" errors="0" timestamp="2022-11-16T23:47:37 IST">
  <testcase classname="testNGXML.Testing2" name="F" time="0.016"/>
  <testcase classname="testNGXML.Testing2" name="G" time="0.0"/>
  <testcase classname="testNGXML.Testing2" name="H" time="0.0">
    <ignored/>
  </testcase> <!-- H -->
  <testcase classname="testNGXML.Testing2" name="E" time="0.0">
    <ignored/>
  </testcase> <!-- E -->
</testsuite> <!-- Testing2 -->
