<?xml version="1.0" encoding="UTF-8"?>
<!-- Generated by org.testng.reporters.JUnitXMLReporter -->
<testsuite ignored="2" hostname="DESKTOP-R2UNG2A" failures="0" tests="2" name="Testing1" time="0.093" errors="0" timestamp="2022-11-16T23:43:05 IST">
  <testcase classname="testNGXML.Testing1" name="C" time="0.016"/>
  <testcase classname="testNGXML.Testing1" name="D" time="0.0"/>
  <testcase classname="testNGXML.Testing1" name="A" time="0.0">
    <ignored/>
  </testcase> <!-- A -->
  <testcase classname="testNGXML.Testing1" name="B" time="0.0">
    <ignored/>
  </testcase> <!-- B -->
</testsuite> <!-- Testing1 -->
